{"level":"info","message":"::1 - - [10/Jul/2017:10:39:24 +0000] \"POST /users HTTP/1.1\" 412 142\n","timestamp":"2017-07-10T10:39:24.123Z"}
{"level":"info","message":"[Mon Jul 10 2017 11:39:33 GMT+0100 (GMT Daylight Time)] Executing (default): INSERT INTO `Users` (`id`,`name`,`password`,`email`,`created_at`,`updated_at`) VALUES (NULL,'John Connor','$2a$10$HY980SA7D2Z91xpw.ypQk.WSrn0JjMafKLC/Wum98MaHaFNRmdIZu','john@connor.net','2017-07-10 10:39:33.056 +00:00','2017-07-10 10:39:33.056 +00:00');","timestamp":"2017-07-10T10:39:33.210Z"}
{"level":"info","message":"::1 - - [10/Jul/2017:10:39:33 +0000] \"POST /users HTTP/1.1\" 200 246\n","timestamp":"2017-07-10T10:39:33.236Z"}
{"level":"info","message":"[Mon Jul 10 2017 11:47:23 GMT+0100 (GMT Daylight Time)] Executing (default): SELECT `id`, `name`, `password`, `email`, `created_at`, `updated_at` FROM `Users` AS `Users` WHERE `Users`.`email` = 'john@connor.net' LIMIT 1;","timestamp":"2017-07-10T10:47:23.992Z"}
{"level":"info","message":"::1 - confidentialApplication [10/Jul/2017:10:47:24 +0000] \"POST /token HTTP/1.1\" 200 111\n","timestamp":"2017-07-10T10:47:24.128Z"}
{"level":"info","message":"[Mon Jul 10 2017 11:53:57 GMT+0100 (GMT Daylight Time)] Executing (default): SELECT `id`, `name`, `password`, `email`, `created_at`, `updated_at` FROM `Users` AS `Users` WHERE `Users`.`id` = 1;","timestamp":"2017-07-10T10:53:57.955Z"}
{"level":"info","message":"::1 - - [10/Jul/2017:10:53:57 +0000] \"GET /namespaces HTTP/1.1\" 500 64\n","timestamp":"2017-07-10T10:53:57.972Z"}
{"level":"info","message":"[Mon Jul 10 2017 11:54:11 GMT+0100 (GMT Daylight Time)] Executing (default): SELECT `id`, `name`, `password`, `email`, `created_at`, `updated_at` FROM `Users` AS `Users` WHERE `Users`.`id` = 1;","timestamp":"2017-07-10T10:54:11.253Z"}
{"level":"info","message":"::1 - - [10/Jul/2017:10:54:11 +0000] \"GET /namespaces HTTP/1.1\" 500 64\n","timestamp":"2017-07-10T10:54:11.270Z"}
{"level":"info","message":"[Mon Jul 10 2017 12:03:13 GMT+0100 (GMT Daylight Time)] Executing (default): SELECT `id`, `name`, `password`, `email`, `created_at`, `updated_at` FROM `Users` AS `Users` WHERE `Users`.`id` = 1;","timestamp":"2017-07-10T11:03:13.139Z"}
{"level":"info","message":"::1 - - [10/Jul/2017:11:03:13 +0000] \"GET /namespaces HTTP/1.1\" 500 64\n","timestamp":"2017-07-10T11:03:13.158Z"}
{"level":"info","message":"[Mon Jul 10 2017 12:05:54 GMT+0100 (GMT Daylight Time)] Executing (default): SELECT `id`, `name`, `password`, `email`, `created_at`, `updated_at` FROM `Users` AS `Users` WHERE `Users`.`id` = 1;","timestamp":"2017-07-10T11:05:54.318Z"}
{"level":"info","message":"::1 - - [10/Jul/2017:11:05:54 +0000] \"GET /namespaces HTTP/1.1\" 500 64\n","timestamp":"2017-07-10T11:05:54.376Z"}
{"level":"info","message":"[Mon Jul 10 2017 12:08:19 GMT+0100 (GMT Daylight Time)] Executing (default): SELECT `id`, `name`, `password`, `email`, `created_at`, `updated_at` FROM `Users` AS `Users` WHERE `Users`.`id` = 1;","timestamp":"2017-07-10T11:08:19.541Z"}
{"level":"info","message":"::1 - - [10/Jul/2017:11:08:19 +0000] \"GET /namespaces HTTP/1.1\" 500 64\n","timestamp":"2017-07-10T11:08:19.578Z"}
{"level":"info","message":"[Mon Jul 10 2017 12:13:55 GMT+0100 (GMT Daylight Time)] Executing (default): SELECT `id`, `name`, `password`, `email`, `created_at`, `updated_at` FROM `Users` AS `Users` WHERE `Users`.`id` = 1;","timestamp":"2017-07-10T11:13:55.284Z"}
{"level":"info","message":"::1 - - [10/Jul/2017:11:13:55 +0000] \"GET /namespaces HTTP/1.1\" 500 64\n","timestamp":"2017-07-10T11:13:55.320Z"}
{"level":"info","message":"[Mon Jul 10 2017 12:16:49 GMT+0100 (GMT Daylight Time)] Executing (default): SELECT `id`, `name`, `password`, `email`, `created_at`, `updated_at` FROM `Users` AS `Users` WHERE `Users`.`id` = 1;","timestamp":"2017-07-10T11:16:49.094Z"}
{"level":"info","message":"::1 - - [10/Jul/2017:11:16:49 +0000] \"GET /namespaces HTTP/1.1\" 200 98\n","timestamp":"2017-07-10T11:16:49.125Z"}
{"level":"info","message":"[Mon Jul 10 2017 16:53:15 GMT+0100 (GMT Daylight Time)] Executing (default): INSERT INTO `Users` (`id`,`name`,`password`,`email`,`created_at`,`updated_at`) VALUES (NULL,'John Connor','$2a$10$mTG3g.2UA1egtL5kt2BxkepSCtZlhMDgGDq4MEZHqTfC58faQJCsy','john@connor.net','2017-07-10 15:53:15.107 +00:00','2017-07-10 15:53:15.107 +00:00');","timestamp":"2017-07-10T15:53:15.273Z"}
{"level":"info","message":"::1 - - [10/Jul/2017:15:53:15 +0000] \"POST /users HTTP/1.1\" 412 33\n","timestamp":"2017-07-10T15:53:15.290Z"}
{"level":"info","message":"[Mon Jul 10 2017 16:53:39 GMT+0100 (GMT Daylight Time)] Executing (default): INSERT INTO `Users` (`id`,`name`,`password`,`email`,`created_at`,`updated_at`) VALUES (NULL,'John Connor4','$2a$10$JEZZBn0m9SthWN77tdZU.OzOIccfMoSJe2VE.SPqteHEceiFnaRnq','john@connor.net','2017-07-10 15:53:39.389 +00:00','2017-07-10 15:53:39.389 +00:00');","timestamp":"2017-07-10T15:53:39.551Z"}
{"level":"info","message":"::1 - - [10/Jul/2017:15:53:39 +0000] \"POST /users HTTP/1.1\" 412 33\n","timestamp":"2017-07-10T15:53:39.559Z"}
{"level":"info","message":"[Mon Jul 10 2017 16:53:48 GMT+0100 (GMT Daylight Time)] Executing (default): INSERT INTO `Users` (`id`,`name`,`password`,`email`,`created_at`,`updated_at`) VALUES (NULL,'John Connor4','$2a$10$nwtK2SurJtktOyfuYPfZeuyscJaHfBZDbPotvdYuS3l8Z5zqjfCYW','john@connor.net4','2017-07-10 15:53:48.274 +00:00','2017-07-10 15:53:48.274 +00:00');","timestamp":"2017-07-10T15:53:48.453Z"}
{"level":"info","message":"::1 - - [10/Jul/2017:15:53:48 +0000] \"POST /users HTTP/1.1\" 200 248\n","timestamp":"2017-07-10T15:53:48.477Z"}
{"level":"info","message":"[Mon Jul 10 2017 16:53:53 GMT+0100 (GMT Daylight Time)] Executing (default): SELECT `id`, `name`, `password`, `email`, `created_at`, `updated_at` FROM `Users` AS `Users` WHERE `Users`.`email` = 'john@connor.net' LIMIT 1;","timestamp":"2017-07-10T15:53:53.085Z"}
{"level":"info","message":"::1 - confidentialApplication [10/Jul/2017:15:53:53 +0000] \"POST /token HTTP/1.1\" 200 111\n","timestamp":"2017-07-10T15:53:53.204Z"}
{"level":"info","message":"[Mon Jul 10 2017 16:53:59 GMT+0100 (GMT Daylight Time)] Executing (default): SELECT `id`, `name`, `password`, `email`, `created_at`, `updated_at` FROM `Users` AS `Users` WHERE `Users`.`id` = 1;","timestamp":"2017-07-10T15:53:59.208Z"}
{"level":"info","message":"::1 - - [10/Jul/2017:15:53:59 +0000] \"GET /namespaces HTTP/1.1\" 200 98\n","timestamp":"2017-07-10T15:53:59.229Z"}
{"level":"info","message":"[Mon Jul 10 2017 16:56:46 GMT+0100 (GMT Daylight Time)] Executing (default): SELECT `id`, `name`, `password`, `email`, `created_at`, `updated_at` FROM `Users` AS `Users` WHERE `Users`.`id` = 1;","timestamp":"2017-07-10T15:56:46.828Z"}
{"level":"info","message":"::1 - - [10/Jul/2017:15:56:46 +0000] \"GET /namespaces HTTP/1.1\" 200 98\n","timestamp":"2017-07-10T15:56:46.853Z"}
{"level":"info","message":"[Mon Jul 10 2017 16:56:57 GMT+0100 (GMT Daylight Time)] Executing (default): INSERT INTO `Users` (`id`,`name`,`password`,`email`,`created_at`,`updated_at`) VALUES (NULL,'John Connor5','$2a$10$25C3UwzrDw6LLBFvZHEVKO5pHX/P3pdNeFQ/PyVwuyHlF5nL8GV/u','john@connor.net5','2017-07-10 15:56:57.598 +00:00','2017-07-10 15:56:57.598 +00:00');","timestamp":"2017-07-10T15:56:57.752Z"}
{"level":"info","message":"::1 - - [10/Jul/2017:15:56:57 +0000] \"POST /users HTTP/1.1\" 200 248\n","timestamp":"2017-07-10T15:56:57.790Z"}
{"level":"info","message":"[Tue Jul 11 2017 11:50:15 GMT+0100 (GMT Daylight Time)] Executing (default): INSERT INTO `Users` (`id`,`name`,`password`,`email`,`created_at`,`updated_at`) VALUES (NULL,'John Connor5','$2a$10$LNadh7LK3gWD/pqNUeZmWO8tiUkFi6KnLaX1B2IlUGsgdSBaEXWTS','john@connor.net5','2017-07-11 10:50:14.864 +00:00','2017-07-11 10:50:14.864 +00:00');","timestamp":"2017-07-11T10:50:15.009Z"}
{"level":"info","message":"::1 - - [11/Jul/2017:10:50:15 +0000] \"POST /users HTTP/1.1\" 412 33\n","timestamp":"2017-07-11T10:50:15.030Z"}
{"level":"info","message":"[Tue Jul 11 2017 11:50:22 GMT+0100 (GMT Daylight Time)] Executing (default): INSERT INTO `Users` (`id`,`name`,`password`,`email`,`created_at`,`updated_at`) VALUES (NULL,'John Connor5','$2a$10$1olFHRkoVRfW7gAxxaVt2.PuHg5ebEx0KFpwBk/REgqKwGqUHvAtq','john@connor.net6','2017-07-11 10:50:22.488 +00:00','2017-07-11 10:50:22.488 +00:00');","timestamp":"2017-07-11T10:50:22.617Z"}
{"level":"info","message":"::1 - - [11/Jul/2017:10:50:22 +0000] \"POST /users HTTP/1.1\" 200 248\n","timestamp":"2017-07-11T10:50:22.637Z"}
{"level":"info","message":"[Tue Jul 11 2017 11:50:26 GMT+0100 (GMT Daylight Time)] Executing (default): SELECT `id`, `name`, `password`, `email`, `created_at`, `updated_at` FROM `Users` AS `Users` WHERE `Users`.`id` = 1;","timestamp":"2017-07-11T10:50:26.578Z"}
{"level":"info","message":"::1 - - [11/Jul/2017:10:50:26 +0000] \"GET /namespaces HTTP/1.1\" 200 49\n","timestamp":"2017-07-11T10:50:26.593Z"}
{"level":"info","message":"[Tue Jul 11 2017 11:50:28 GMT+0100 (GMT Daylight Time)] Executing (default): SELECT `id`, `name`, `password`, `email`, `created_at`, `updated_at` FROM `Users` AS `Users` WHERE `Users`.`id` = 1;","timestamp":"2017-07-11T10:50:28.072Z"}
{"level":"info","message":"::1 - - [11/Jul/2017:10:50:28 +0000] \"GET /namespaces HTTP/1.1\" 200 49\n","timestamp":"2017-07-11T10:50:28.084Z"}
{"level":"info","message":"[Tue Jul 11 2017 11:51:41 GMT+0100 (GMT Daylight Time)] Executing (default): SELECT `id`, `name`, `password`, `email`, `created_at`, `updated_at` FROM `Users` AS `Users` WHERE `Users`.`id` = 1;","timestamp":"2017-07-11T10:51:41.885Z"}
{"level":"info","message":"::1 - - [11/Jul/2017:10:51:41 +0000] \"GET /namespaces HTTP/1.1\" 200 49\n","timestamp":"2017-07-11T10:51:41.902Z"}
{"level":"info","message":"[Tue Jul 11 2017 11:51:42 GMT+0100 (GMT Daylight Time)] Executing (default): SELECT `id`, `name`, `password`, `email`, `created_at`, `updated_at` FROM `Users` AS `Users` WHERE `Users`.`id` = 1;","timestamp":"2017-07-11T10:51:42.611Z"}
{"level":"info","message":"::1 - - [11/Jul/2017:10:51:42 +0000] \"GET /namespaces HTTP/1.1\" 200 49\n","timestamp":"2017-07-11T10:51:42.627Z"}
{"level":"info","message":"[Tue Jul 11 2017 11:51:42 GMT+0100 (GMT Daylight Time)] Executing (default): SELECT `id`, `name`, `password`, `email`, `created_at`, `updated_at` FROM `Users` AS `Users` WHERE `Users`.`id` = 1;","timestamp":"2017-07-11T10:51:42.865Z"}
{"level":"info","message":"::1 - - [11/Jul/2017:10:51:42 +0000] \"GET /namespaces HTTP/1.1\" 200 49\n","timestamp":"2017-07-11T10:51:42.881Z"}
{"level":"info","message":"[Tue Jul 11 2017 11:51:43 GMT+0100 (GMT Daylight Time)] Executing (default): SELECT `id`, `name`, `password`, `email`, `created_at`, `updated_at` FROM `Users` AS `Users` WHERE `Users`.`id` = 1;","timestamp":"2017-07-11T10:51:43.071Z"}
{"level":"info","message":"::1 - - [11/Jul/2017:10:51:43 +0000] \"GET /namespaces HTTP/1.1\" 200 49\n","timestamp":"2017-07-11T10:51:43.084Z"}
{"level":"info","message":"[Tue Jul 11 2017 11:51:43 GMT+0100 (GMT Daylight Time)] Executing (default): SELECT `id`, `name`, `password`, `email`, `created_at`, `updated_at` FROM `Users` AS `Users` WHERE `Users`.`id` = 1;","timestamp":"2017-07-11T10:51:43.348Z"}
{"level":"info","message":"::1 - - [11/Jul/2017:10:51:43 +0000] \"GET /namespaces HTTP/1.1\" 200 49\n","timestamp":"2017-07-11T10:51:43.361Z"}
{"level":"info","message":"[Tue Jul 11 2017 11:51:43 GMT+0100 (GMT Daylight Time)] Executing (default): SELECT `id`, `name`, `password`, `email`, `created_at`, `updated_at` FROM `Users` AS `Users` WHERE `Users`.`id` = 1;","timestamp":"2017-07-11T10:51:43.517Z"}
{"level":"info","message":"::1 - - [11/Jul/2017:10:51:43 +0000] \"GET /namespaces HTTP/1.1\" 200 49\n","timestamp":"2017-07-11T10:51:43.530Z"}
{"level":"info","message":"[Tue Jul 11 2017 11:52:49 GMT+0100 (GMT Daylight Time)] Executing (default): SELECT `id`, `name`, `password`, `email`, `created_at`, `updated_at` FROM `Users` AS `Users` WHERE `Users`.`id` = 1;","timestamp":"2017-07-11T10:52:49.457Z"}
{"level":"info","message":"::1 - - [11/Jul/2017:10:52:49 +0000] \"GET /namespaces HTTP/1.1\" 200 49\n","timestamp":"2017-07-11T10:52:49.501Z"}
{"level":"info","message":"[Tue Jul 11 2017 11:56:52 GMT+0100 (GMT Daylight Time)] Executing (default): SELECT `id`, `name`, `password`, `email`, `created_at`, `updated_at` FROM `Users` AS `Users` WHERE `Users`.`id` = 1;","timestamp":"2017-07-11T10:56:52.422Z"}
{"level":"info","message":"::1 - - [11/Jul/2017:10:56:52 +0000] \"GET /namespaces HTTP/1.1\" 200 66\n","timestamp":"2017-07-11T10:56:52.444Z"}
{"level":"info","message":"[Tue Jul 11 2017 11:57:58 GMT+0100 (GMT Daylight Time)] Executing (default): SELECT `id`, `name`, `password`, `email`, `created_at`, `updated_at` FROM `Users` AS `Users` WHERE `Users`.`id` = 1;","timestamp":"2017-07-11T10:57:58.173Z"}
{"level":"info","message":"::1 - - [11/Jul/2017:10:57:58 +0000] \"GET /namespaces HTTP/1.1\" 200 145\n","timestamp":"2017-07-11T10:57:58.216Z"}
{"level":"info","message":"::1 - - [11/Jul/2017:10:59:13 +0000] \"GET /services HTTP/1.1\" 401 -\n","timestamp":"2017-07-11T10:59:13.499Z"}
{"level":"info","message":"[Tue Jul 11 2017 11:59:28 GMT+0100 (GMT Daylight Time)] Executing (default): SELECT `id`, `name`, `password`, `email`, `created_at`, `updated_at` FROM `Users` AS `Users` WHERE `Users`.`id` = 1;","timestamp":"2017-07-11T10:59:28.121Z"}
{"level":"info","message":"::1 - - [11/Jul/2017:10:59:28 +0000] \"GET /services HTTP/1.1\" 200 1417\n","timestamp":"2017-07-11T10:59:28.139Z"}
{"level":"info","message":"[Tue Jul 11 2017 11:59:59 GMT+0100 (GMT Daylight Time)] Executing (default): SELECT `id`, `name`, `password`, `email`, `created_at`, `updated_at` FROM `Users` AS `Users` WHERE `Users`.`id` = 1;","timestamp":"2017-07-11T10:59:59.281Z"}
{"level":"info","message":"[Tue Jul 11 2017 12:01:00 GMT+0100 (GMT Daylight Time)] Executing (default): SELECT `id`, `name`, `password`, `email`, `created_at`, `updated_at` FROM `Users` AS `Users` WHERE `Users`.`id` = 1;","timestamp":"2017-07-11T11:01:00.927Z"}
{"level":"info","message":"[Tue Jul 11 2017 12:01:15 GMT+0100 (GMT Daylight Time)] Executing (default): SELECT `id`, `name`, `password`, `email`, `created_at`, `updated_at` FROM `Users` AS `Users` WHERE `Users`.`id` = 1;","timestamp":"2017-07-11T11:01:15.430Z"}
{"level":"info","message":"[Tue Jul 11 2017 12:03:50 GMT+0100 (GMT Daylight Time)] Executing (default): SELECT `id`, `name`, `password`, `email`, `created_at`, `updated_at` FROM `Users` AS `Users` WHERE `Users`.`id` = 1;","timestamp":"2017-07-11T11:03:50.963Z"}
{"level":"info","message":"::1 - - [11/Jul/2017:11:03:50 +0000] \"GET /subservices?namespace=https://insticc.org/cms HTTP/1.1\" 404 9\n","timestamp":"2017-07-11T11:03:50.989Z"}
{"level":"info","message":"[Tue Jul 11 2017 12:03:57 GMT+0100 (GMT Daylight Time)] Executing (default): SELECT `id`, `name`, `password`, `email`, `created_at`, `updated_at` FROM `Users` AS `Users` WHERE `Users`.`id` = 1;","timestamp":"2017-07-11T11:03:57.576Z"}
{"level":"info","message":"::1 - - [11/Jul/2017:11:03:57 +0000] \"GET /subservices?namespace=https://www.insticc.org/cms HTTP/1.1\" 404 9\n","timestamp":"2017-07-11T11:03:57.589Z"}
{"level":"info","message":"[Tue Jul 11 2017 12:04:02 GMT+0100 (GMT Daylight Time)] Executing (default): SELECT `id`, `name`, `password`, `email`, `created_at`, `updated_at` FROM `Users` AS `Users` WHERE `Users`.`id` = 1;","timestamp":"2017-07-11T11:04:02.975Z"}
{"level":"info","message":"::1 - - [11/Jul/2017:11:04:02 +0000] \"GET /subservices?namespace=http://www.insticc.org/cms HTTP/1.1\" 200 1160\n","timestamp":"2017-07-11T11:04:02.987Z"}
{"level":"info","message":"[Tue Jul 11 2017 12:04:19 GMT+0100 (GMT Daylight Time)] Executing (default): SELECT `id`, `name`, `password`, `email`, `created_at`, `updated_at` FROM `Users` AS `Users` WHERE `Users`.`id` = 1;","timestamp":"2017-07-11T11:04:19.632Z"}
{"level":"info","message":"::1 - - [11/Jul/2017:11:04:19 +0000] \"GET /subservices?namespace=http://www.insticc.org/cms HTTP/1.1\" 200 1160\n","timestamp":"2017-07-11T11:04:19.650Z"}
{"level":"info","message":"[Tue Jul 11 2017 12:04:23 GMT+0100 (GMT Daylight Time)] Executing (default): SELECT `id`, `name`, `password`, `email`, `created_at`, `updated_at` FROM `Users` AS `Users` WHERE `Users`.`id` = 1;","timestamp":"2017-07-11T11:04:23.984Z"}
{"level":"info","message":"::1 - - [11/Jul/2017:11:04:23 +0000] \"GET /subservices?namespace=http://www.insticc.org/ddm HTTP/1.1\" 200 2\n","timestamp":"2017-07-11T11:04:23.996Z"}
{"level":"info","message":"[Tue Jul 11 2017 12:04:28 GMT+0100 (GMT Daylight Time)] Executing (default): SELECT `id`, `name`, `password`, `email`, `created_at`, `updated_at` FROM `Users` AS `Users` WHERE `Users`.`id` = 1;","timestamp":"2017-07-11T11:04:28.232Z"}
{"level":"info","message":"::1 - - [11/Jul/2017:11:04:28 +0000] \"GET /subservices?namespace=http://www.insticc.org/hermes HTTP/1.1\" 200 2\n","timestamp":"2017-07-11T11:04:28.249Z"}
{"level":"info","message":"[Tue Jul 11 2017 12:04:32 GMT+0100 (GMT Daylight Time)] Executing (default): SELECT `id`, `name`, `password`, `email`, `created_at`, `updated_at` FROM `Users` AS `Users` WHERE `Users`.`id` = 1;","timestamp":"2017-07-11T11:04:32.670Z"}
{"level":"info","message":"::1 - - [11/Jul/2017:11:04:32 +0000] \"GET /subservices?namespace=http://www.insticc.org/cms HTTP/1.1\" 200 1160\n","timestamp":"2017-07-11T11:04:32.686Z"}
{"level":"info","message":"::1 - - [11/Jul/2017:11:16:02 +0000] \"GET /namespace/http://www.insticc.org/cms HTTP/1.1\" 404 175\n","timestamp":"2017-07-11T11:16:02.840Z"}
{"level":"info","message":"::1 - - [11/Jul/2017:11:16:06 +0000] \"GET /namespace/http://www.insticc.org/cms HTTP/1.1\" 404 175\n","timestamp":"2017-07-11T11:16:06.910Z"}
{"level":"info","message":"::1 - - [11/Jul/2017:11:16:28 +0000] \"GET /namespace/http://www.insticc.org/cms HTTP/1.1\" 404 175\n","timestamp":"2017-07-11T11:16:28.429Z"}
{"level":"info","message":"::1 - - [11/Jul/2017:11:16:29 +0000] \"GET /namespace/http://www.insticc.org/cms HTTP/1.1\" 404 175\n","timestamp":"2017-07-11T11:16:29.084Z"}
{"level":"info","message":"::1 - - [11/Jul/2017:11:17:08 +0000] \"GET /namespace/http://www.insticc.org/cms HTTP/1.1\" 404 175\n","timestamp":"2017-07-11T11:17:08.113Z"}
{"level":"info","message":"[Tue Jul 11 2017 12:17:29 GMT+0100 (GMT Daylight Time)] Executing (default): SELECT `id`, `name`, `password`, `email`, `created_at`, `updated_at` FROM `Users` AS `Users` WHERE `Users`.`id` = 1;","timestamp":"2017-07-11T11:17:29.144Z"}
{"level":"info","message":"::1 - - [11/Jul/2017:11:17:29 +0000] \"GET /subservices?namespace=http://www.insticc.org/cms HTTP/1.1\" 200 1160\n","timestamp":"2017-07-11T11:17:29.163Z"}
{"level":"info","message":"[Tue Jul 11 2017 12:21:57 GMT+0100 (GMT Daylight Time)] Executing (default): SELECT `id`, `name`, `password`, `email`, `created_at`, `updated_at` FROM `Users` AS `Users` WHERE `Users`.`id` = 1;","timestamp":"2017-07-11T11:21:57.179Z"}
{"level":"info","message":"::1 - - [11/Jul/2017:11:21:57 +0000] \"GET /services HTTP/1.1\" 200 1417\n","timestamp":"2017-07-11T11:21:57.203Z"}
{"level":"info","message":"[Tue Jul 11 2017 12:34:29 GMT+0100 (GMT Daylight Time)] Executing (default): SELECT `id`, `name`, `password`, `email`, `created_at`, `updated_at` FROM `Users` AS `Users` WHERE `Users`.`id` = 1;","timestamp":"2017-07-11T11:34:29.453Z"}
{"level":"info","message":"::1 - - [11/Jul/2017:11:34:29 +0000] \"GET /services HTTP/1.1\" 500 64\n","timestamp":"2017-07-11T11:34:29.479Z"}
{"level":"info","message":"[Tue Jul 11 2017 12:35:36 GMT+0100 (GMT Daylight Time)] Executing (default): SELECT `id`, `name`, `password`, `email`, `created_at`, `updated_at` FROM `Users` AS `Users` WHERE `Users`.`id` = 1;","timestamp":"2017-07-11T11:35:36.636Z"}
{"level":"info","message":"::1 - - [11/Jul/2017:11:35:36 +0000] \"GET /services HTTP/1.1\" 200 1638\n","timestamp":"2017-07-11T11:35:36.665Z"}
{"level":"info","message":"[Tue Jul 11 2017 12:36:46 GMT+0100 (GMT Daylight Time)] Executing (default): SELECT `id`, `name`, `password`, `email`, `created_at`, `updated_at` FROM `Users` AS `Users` WHERE `Users`.`id` = 1;","timestamp":"2017-07-11T11:36:46.509Z"}
{"level":"info","message":"::1 - - [11/Jul/2017:11:36:46 +0000] \"GET /services HTTP/1.1\" 200 1638\n","timestamp":"2017-07-11T11:36:46.533Z"}
{"level":"info","message":"[Tue Jul 11 2017 12:37:15 GMT+0100 (GMT Daylight Time)] Executing (default): SELECT `id`, `name`, `password`, `email`, `created_at`, `updated_at` FROM `Users` AS `Users` WHERE `Users`.`id` = 1;","timestamp":"2017-07-11T11:37:15.551Z"}
{"level":"info","message":"::1 - - [11/Jul/2017:11:37:15 +0000] \"GET /services HTTP/1.1\" 200 1638\n","timestamp":"2017-07-11T11:37:15.572Z"}
{"level":"info","message":"[Tue Jul 11 2017 12:38:06 GMT+0100 (GMT Daylight Time)] Executing (default): SELECT `id`, `name`, `password`, `email`, `created_at`, `updated_at` FROM `Users` AS `Users` WHERE `Users`.`id` = 1;","timestamp":"2017-07-11T11:38:06.127Z"}
{"level":"info","message":"::1 - - [11/Jul/2017:11:38:06 +0000] \"GET /services HTTP/1.1\" 200 1638\n","timestamp":"2017-07-11T11:38:06.162Z"}
{"level":"info","message":"[Tue Jul 11 2017 12:38:36 GMT+0100 (GMT Daylight Time)] Executing (default): SELECT `id`, `name`, `password`, `email`, `created_at`, `updated_at` FROM `Users` AS `Users` WHERE `Users`.`id` = 1;","timestamp":"2017-07-11T11:38:36.806Z"}
{"level":"info","message":"::1 - - [11/Jul/2017:11:38:36 +0000] \"GET /services HTTP/1.1\" 200 2336\n","timestamp":"2017-07-11T11:38:36.830Z"}
{"level":"info","message":"[Tue Jul 11 2017 12:39:09 GMT+0100 (GMT Daylight Time)] Executing (default): SELECT `id`, `name`, `password`, `email`, `created_at`, `updated_at` FROM `Users` AS `Users` WHERE `Users`.`id` = 1;","timestamp":"2017-07-11T11:39:09.531Z"}
{"level":"info","message":"::1 - - [11/Jul/2017:11:39:09 +0000] \"GET /services HTTP/1.1\" 200 1734\n","timestamp":"2017-07-11T11:39:09.562Z"}
